#
# There is insufficient memory for the Java Runtime Environment to continue.
# Native memory allocation (malloc) failed to allocate 552336 bytes for Chunk::new
# Possible reasons:
#   The system is out of physical RAM or swap space
#   The process is running with CompressedOops enabled, and the Java Heap may be blocking the growth of the native heap
# Possible solutions:
#   Reduce memory load on the system
#   Increase physical memory or swap space
#   Check if swap backing store is full
#   Decrease Java heap size (-Xmx/-Xms)
#   Decrease number of Java threads
#   Decrease Java thread stack sizes (-Xss)
#   Set larger code cache with -XX:ReservedCodeCacheSize=
#   JVM is running with Unscaled Compressed Oops mode in which the Java heap is
#     placed in the first 4GB address space. The Java Heap base address is the
#     maximum limit for the native heap growth. Please use -XX:HeapBaseMinAddress
#     to set the Java Heap base and to place the Java Heap above 4GB virtual address.
# This output file may be truncated or incomplete.
#
#  Out of Memory Error (allocation.cpp:389), pid=60560, tid=0x000000000000635c
#
# JRE version: OpenJDK Runtime Environment (8.0_212-b04) (build 1.8.0_212-release-1586-b04)
# Java VM: OpenJDK 64-Bit Server VM (25.212-b04 mixed mode windows-amd64 compressed oops)
# Failed to write core dump. Minidumps are not enabled by default on client versions of Windows
#

---------------  T H R E A D  ---------------

Current thread (0x0000000017976000):  JavaThread "C2 CompilerThread1" daemon [_thread_in_native, id=25436, stack(0x00000000180f0000,0x00000000181f0000)]

Stack: [0x00000000180f0000,0x00000000181f0000]
[error occurred during error reporting (printing stack bounds), id 0xc0000005]

Native frames: (J=compiled Java code, j=interpreted, Vv=VM code, C=native code)


Current CompileTask:
C2:  82722 11895   !   4       java.net.URL::<init> (543 bytes)


---------------  P R O C E S S  ---------------

Java Threads: ( => current thread )
  0x0000000020056000 JavaThread "stdout" [_thread_in_native, id=65528, stack(0x0000000027650000,0x0000000027750000)]
  0x0000000020055000 JavaThread "stderr" [_thread_in_native, id=64192, stack(0x0000000027450000,0x0000000027550000)]
  0x0000000020054800 JavaThread "stdout" [_thread_in_native, id=61136, stack(0x0000000027220000,0x0000000027320000)]
  0x0000000020053800 JavaThread "stderr" [_thread_in_native, id=62556, stack(0x0000000027100000,0x0000000027200000)]
  0x0000000020053000 JavaThread "pool-4-thread-1" [_thread_blocked, id=64516, stack(0x0000000026f70000,0x0000000027070000)]
  0x0000000020052000 JavaThread "WorkerExecutor Queue Thread 2" [_thread_blocked, id=63728, stack(0x00000000266a0000,0x00000000267a0000)]
  0x0000000020051800 JavaThread "WorkerExecutor Queue" [_thread_blocked, id=64080, stack(0x0000000026d00000,0x0000000026e00000)]
  0x0000000020050000 JavaThread "Cache worker for execution history cache (F:\itRoot\itMan\DevProject\Android\RoomDB2\.gradle\5.6.4\executionHistory)" [_thread_blocked, id=41284, stack(0x0000000026930000,0x0000000026a30000)]
  0x000000002054e800 JavaThread "Execution worker for ':' Thread 3" [_thread_blocked, id=56720, stack(0x00000000267b0000,0x00000000268b0000)]
  0x000000002054e000 JavaThread "Execution worker for ':' Thread 2" [_thread_in_native, id=63384, stack(0x00000000264d0000,0x00000000265d0000)]
  0x000000002054b000 JavaThread "Execution worker for ':'" [_thread_blocked, id=63080, stack(0x0000000023fa0000,0x00000000240a0000)]
  0x000000002054c800 JavaThread "Cache worker for file content cache (F:\itRoot\itMan\DevProject\Android\RoomDB2\.gradle\5.6.4\fileContent)" [_thread_blocked, id=64852, stack(0x0000000026350000,0x0000000026450000)]
  0x000000002054b800 JavaThread "Cache worker for file content cache (D:\arhive itMan\android_home\.gradle\caches\5.6.4\fileContent)" [_thread_blocked, id=12904, stack(0x00000000261b0000,0x00000000262b0000)]
  0x000000002054a000 JavaThread "Cache worker for Build Output Cleanup Cache (F:\itRoot\itMan\DevProject\Android\RoomDB2\.gradle\buildOutputCleanup)" [_thread_blocked, id=64376, stack(0x00000000260a0000,0x00000000261a0000)]
  0x0000000020549000 JavaThread "Build operations Thread 4" [_thread_blocked, id=4492, stack(0x0000000024cd0000,0x0000000024dd0000)]
  0x0000000020548800 JavaThread "Build operations Thread 3" [_thread_blocked, id=50424, stack(0x0000000025f70000,0x0000000026070000)]
  0x0000000020547800 JavaThread "Build operations Thread 2" [_thread_blocked, id=61456, stack(0x0000000025e20000,0x0000000025f20000)]
  0x000000001a231800 JavaThread "Build operations" [_thread_blocked, id=59272, stack(0x0000000024b80000,0x0000000024c80000)]
  0x000000001a22f800 JavaThread "Cache worker for cache directory md-rule (D:\arhive itMan\android_home\.gradle\caches\5.6.4\md-rule)" [_thread_blocked, id=61224, stack(0x0000000021100000,0x0000000021200000)]
  0x000000001a22a000 JavaThread "Cache worker for cache directory md-supplier (D:\arhive itMan\android_home\.gradle\caches\5.6.4\md-supplier)" [_thread_blocked, id=62564, stack(0x000000001f380000,0x000000001f480000)]
  0x000000001a225800 JavaThread "Cache worker for file hash cache (F:\itRoot\itMan\DevProject\Android\RoomDB2\.gradle\5.6.4\fileHashes)" [_thread_blocked, id=6264, stack(0x00000000228f0000,0x00000000229f0000)]
  0x000000001a22d000 JavaThread "Thread-26" [_thread_blocked, id=41172, stack(0x000000001bb40000,0x000000001bc40000)]
  0x000000001a22c800 JavaThread "Stdin handler" [_thread_blocked, id=51580, stack(0x0000000020c90000,0x0000000020d90000)]
  0x000000001a22e000 JavaThread "Asynchronous log dispatcher for DefaultDaemonConnection: socket connection from /127.0.0.1:53028 to /127.0.0.1:53096" [_thread_blocked, id=2644, stack(0x0000000020af0000,0x0000000020bf0000)]
  0x000000001a22e800 JavaThread "Cancel handler" [_thread_blocked, id=62604, stack(0x000000001b310000,0x000000001b410000)]
  0x000000001a229800 JavaThread "Handler for socket connection from /127.0.0.1:53028 to /127.0.0.1:53096" [_thread_in_native, id=60004, stack(0x000000001b840000,0x000000001b940000)]
  0x000000001a230000 JavaThread "Memory manager" [_thread_blocked, id=60924, stack(0x0000000023380000,0x0000000023480000)]
  0x000000001a22b000 JavaThread "Cache worker for execution history cache (D:\arhive itMan\android_home\.gradle\caches\5.6.4\executionHistory)" [_thread_blocked, id=20196, stack(0x000000001da60000,0x000000001db60000)]
  0x000000001a225000 JavaThread "Cache worker for journal cache (D:\arhive itMan\android_home\.gradle\caches\journal-1)" [_thread_blocked, id=20716, stack(0x000000001c510000,0x000000001c610000)]
  0x000000001a224000 JavaThread "File lock request listener" [_thread_in_native, id=62448, stack(0x000000001c3f0000,0x000000001c4f0000)]
  0x000000001a223800 JavaThread "Cache worker for file hash cache (D:\arhive itMan\android_home\.gradle\caches\5.6.4\fileHashes)" [_thread_blocked, id=63944, stack(0x000000001c040000,0x000000001c140000)]
  0x0000000019f4e800 JavaThread "Daemon worker" [_thread_blocked, id=60864, stack(0x000000001bc60000,0x000000001bd60000)]
  0x0000000019edc000 JavaThread "Daemon" [_thread_blocked, id=63788, stack(0x000000001b650000,0x000000001b750000)]
  0x0000000019ef0800 JavaThread "Daemon periodic checks" [_thread_blocked, id=21032, stack(0x0000000019c40000,0x0000000019d40000)]
  0x0000000019ee1800 JavaThread "Incoming local TCP Connector on port 53028" [_thread_in_native, id=63304, stack(0x000000001b420000,0x000000001b520000)]
  0x0000000019bcf000 JavaThread "Daemon health stats" [_thread_blocked, id=62816, stack(0x000000001ae80000,0x000000001af80000)]
  0x00000000179f3000 JavaThread "Service Thread" daemon [_thread_blocked, id=63708, stack(0x0000000018370000,0x0000000018470000)]
  0x000000001797b800 JavaThread "C1 CompilerThread2" daemon [_thread_blocked, id=62848, stack(0x0000000017da0000,0x0000000017ea0000)]
=>0x0000000017976000 JavaThread "C2 CompilerThread1" daemon [_thread_in_native, id=25436, stack(0x00000000180f0000,0x00000000181f0000)]
  0x000000001637f800 JavaThread "C2 CompilerThread0" daemon [_thread_blocked, id=59676, stack(0x0000000017f40000,0x0000000018040000)]
  0x000000001637a000 JavaThread "Attach Listener" daemon [_thread_blocked, id=64164, stack(0x0000000017870000,0x0000000017970000)]
  0x0000000016378800 JavaThread "Signal Dispatcher" daemon [_thread_blocked, id=56352, stack(0x0000000017760000,0x0000000017860000)]
  0x0000000016358800 JavaThread "Finalizer" daemon [_thread_blocked, id=22024, stack(0x00000000175e0000,0x00000000176e0000)]
  0x0000000016351800 JavaThread "Reference Handler" daemon [_thread_blocked, id=64844, stack(0x0000000017470000,0x0000000017570000)]
  0x00000000021a8000 JavaThread "main" [_thread_blocked, id=64756, stack(0x0000000002460000,0x0000000002560000)]

Other Threads:
  0x000000001630a000 VMThread [stack: 0x00000000172c0000,0x00000000173c0000] [id=53136]
  0x00000000179f8000 WatcherThread [stack: 0x0000000018230000,0x0000000018330000] [id=56540]

VM state:not at safepoint (normal execution)

VM Mutex/Monitor currently owned by a thread: None

heap address: 0x00000000a0000000, size: 1536 MB, Compressed Oops mode: 32-bit
Narrow klass base: 0x0000000000000000, Narrow klass shift: 3
Compressed class space size: 1073741824 Address: 0x000000013f810000

Heap:
 PSYoungGen      total 291840K, used 120492K [0x00000000e0000000, 0x00000000f7300000, 0x0000000100000000)
  eden space 268800K, 36% used [0x00000000e0000000,0x00000000e5f31fa8,0x00000000f0680000)
  from space 23040K, 99% used [0x00000000f0680000,0x00000000f1cf9430,0x00000000f1d00000)
  to   space 31232K, 0% used [0x00000000f5480000,0x00000000f5480000,0x00000000f7300000)
 ParOldGen       total 90112K, used 64688K [0x00000000a0000000, 0x00000000a5800000, 0x00000000e0000000)
  object space 90112K, 71% used [0x00000000a0000000,0x00000000a3f2c3a8,0x00000000a5800000)
 Metaspace       used 78704K, capacity 82073K, committed 82432K, reserved 1120256K
  class space    used 10417K, capacity 11140K, committed 11264K, reserved 1048576K

Card table byte_map: [0x0000000011bf0000,0x0000000011f00000] byte_map_base: 0x00000000116f0000

Marking Bits: (ParMarkBitMap*) 0x000000005ea39f30
 Begin Bits: [0x0000000012680000, 0x0000000013e80000)
 End Bits:   [0x0000000013e80000, 0x0000000015680000)

Polling page: 0x0000000000140000

CodeCache: size=245760Kb used=33495Kb max_used=33795Kb free=212264Kb
 bounds [0x0000000002830000, 0x0000000004960000, 0x0000000011830000]
 total_blobs=10957 nmethods=10092 adapters=777
 compilation: enabled

Compilation events (10 events):
Event: 82.309 Thread 0x000000001637f800 11891       4       com.google.gson.stream.JsonReader::nextNonWhitespace (354 bytes)
Event: 82.314 Thread 0x000000001637f800 nmethod 11891 0x000000000494d810 code [0x000000000494d980, 0x000000000494dbc8]
Event: 82.346 Thread 0x0000000017976000 nmethod 11879 0x00000000040e2210 code [0x00000000040e2600, 0x00000000040e4a80]
Event: 82.369 Thread 0x000000001797b800 11892       3       kotlin.reflect.jvm.internal.pcollections.IntTree::get (60 bytes)
Event: 82.369 Thread 0x000000001797b800 nmethod 11892 0x0000000003353e50 code [0x0000000003353fe0, 0x00000000033543b8]
Event: 82.495 Thread 0x000000001797b800 11893       3       kotlin.reflect.jvm.internal.ReflectProperties::lazySoft (14 bytes)
Event: 82.496 Thread 0x000000001797b800 nmethod 11893 0x00000000029975d0 code [0x0000000002997760, 0x0000000002997a68]
Event: 82.517 Thread 0x000000001637f800 11894       4       java.lang.String::regionMatches (149 bytes)
Event: 82.530 Thread 0x000000001637f800 nmethod 11894 0x000000000494bcd0 code [0x000000000494be40, 0x000000000494c598]
Event: 82.533 Thread 0x0000000017976000 11895   !   4       java.net.URL::<init> (543 bytes)

GC Heap History (10 events):
Event: 21.278 GC heap before
{Heap before GC invocations=14 (full 2):
 PSYoungGen      total 187904K, used 152439K [0x00000000e0000000, 0x00000000eff00000, 0x0000000100000000)
  eden space 174080K, 79% used [0x00000000e0000000,0x00000000e875f100,0x00000000eaa00000)
  from space 13824K, 99% used [0x00000000eaa00000,0x00000000eb77ebe0,0x00000000eb780000)
  to   space 18432K, 0% used [0x00000000eed00000,0x00000000eed00000,0x00000000eff00000)
 ParOldGen       total 53760K, used 25399K [0x00000000a0000000, 0x00000000a3480000, 0x00000000e0000000)
  object space 53760K, 47% used [0x00000000a0000000,0x00000000a18cdeb0,0x00000000a3480000)
 Metaspace       used 57020K, capacity 59039K, committed 59136K, reserved 1099776K
  class space    used 7916K, capacity 8388K, committed 8448K, reserved 1048576K
Event: 21.350 GC heap after
Heap after GC invocations=14 (full 2):
 PSYoungGen      total 242176K, used 12452K [0x00000000e0000000, 0x00000000eff80000, 0x0000000100000000)
  eden space 223744K, 0% used [0x00000000e0000000,0x00000000e0000000,0x00000000eda80000)
  from space 18432K, 67% used [0x00000000eed00000,0x00000000ef929278,0x00000000eff00000)
  to   space 18944K, 0% used [0x00000000eda80000,0x00000000eda80000,0x00000000eed00000)
 ParOldGen       total 53760K, used 36343K [0x00000000a0000000, 0x00000000a3480000, 0x00000000e0000000)
  object space 53760K, 67% used [0x00000000a0000000,0x00000000a237dc20,0x00000000a3480000)
 Metaspace       used 57020K, capacity 59039K, committed 59136K, reserved 1099776K
  class space    used 7916K, capacity 8388K, committed 8448K, reserved 1048576K
}
Event: 21.350 GC heap before
{Heap before GC invocations=15 (full 3):
 PSYoungGen      total 242176K, used 12452K [0x00000000e0000000, 0x00000000eff80000, 0x0000000100000000)
  eden space 223744K, 0% used [0x00000000e0000000,0x00000000e0000000,0x00000000eda80000)
  from space 18432K, 67% used [0x00000000eed00000,0x00000000ef929278,0x00000000eff00000)
  to   space 18944K, 0% used [0x00000000eda80000,0x00000000eda80000,0x00000000eed00000)
 ParOldGen       total 53760K, used 36343K [0x00000000a0000000, 0x00000000a3480000, 0x00000000e0000000)
  object space 53760K, 67% used [0x00000000a0000000,0x00000000a237dc20,0x00000000a3480000)
 Metaspace       used 57020K, capacity 59039K, committed 59136K, reserved 1099776K
  class space    used 7916K, capacity 8388K, committed 8448K, reserved 1048576K
Event: 21.801 GC heap after
Heap after GC invocations=15 (full 3):
 PSYoungGen      total 242176K, used 0K [0x00000000e0000000, 0x00000000eff80000, 0x0000000100000000)
  eden space 223744K, 0% used [0x00000000e0000000,0x00000000e0000000,0x00000000eda80000)
  from space 18432K, 0% used [0x00000000eed00000,0x00000000eed00000,0x00000000eff00000)
  to   space 18944K, 0% used [0x00000000eda80000,0x00000000eda80000,0x00000000eed00000)
 ParOldGen       total 90112K, used 38355K [0x00000000a0000000, 0x00000000a5800000, 0x00000000e0000000)
  object space 90112K, 42% used [0x00000000a0000000,0x00000000a2574c40,0x00000000a5800000)
 Metaspace       used 57014K, capacity 59021K, committed 59136K, reserved 1099776K
  class space    used 7915K, capacity 8385K, committed 8448K, reserved 1048576K
}
Event: 28.090 GC heap before
{Heap before GC invocations=16 (full 3):
 PSYoungGen      total 242176K, used 223744K [0x00000000e0000000, 0x00000000eff80000, 0x0000000100000000)
  eden space 223744K, 100% used [0x00000000e0000000,0x00000000eda80000,0x00000000eda80000)
  from space 18432K, 0% used [0x00000000eed00000,0x00000000eed00000,0x00000000eff00000)
  to   space 18944K, 0% used [0x00000000eda80000,0x00000000eda80000,0x00000000eed00000)
 ParOldGen       total 90112K, used 38355K [0x00000000a0000000, 0x00000000a5800000, 0x00000000e0000000)
  object space 90112K, 42% used [0x00000000a0000000,0x00000000a2574c40,0x00000000a5800000)
 Metaspace       used 66864K, capacity 69525K, committed 69760K, reserved 1110016K
  class space    used 9214K, capacity 9797K, committed 9856K, reserved 1048576K
Event: 28.141 GC heap after
Heap after GC invocations=16 (full 3):
 PSYoungGen      total 242688K, used 18918K [0x00000000e0000000, 0x00000000f3280000, 0x0000000100000000)
  eden space 223744K, 0% used [0x00000000e0000000,0x00000000e0000000,0x00000000eda80000)
  from space 18944K, 99% used [0x00000000eda80000,0x00000000eecf9b30,0x00000000eed00000)
  to   space 22016K, 0% used [0x00000000f1d00000,0x00000000f1d00000,0x00000000f3280000)
 ParOldGen       total 90112K, used 38760K [0x00000000a0000000, 0x00000000a5800000, 0x00000000e0000000)
  object space 90112K, 43% used [0x00000000a0000000,0x00000000a25da1c8,0x00000000a5800000)
 Metaspace       used 66864K, capacity 69525K, committed 69760K, reserved 1110016K
  class space    used 9214K, capacity 9797K, committed 9856K, reserved 1048576K
}
Event: 31.479 GC heap before
{Heap before GC invocations=17 (full 3):
 PSYoungGen      total 242688K, used 242662K [0x00000000e0000000, 0x00000000f3280000, 0x0000000100000000)
  eden space 223744K, 100% used [0x00000000e0000000,0x00000000eda80000,0x00000000eda80000)
  from space 18944K, 99% used [0x00000000eda80000,0x00000000eecf9b30,0x00000000eed00000)
  to   space 22016K, 0% used [0x00000000f1d00000,0x00000000f1d00000,0x00000000f3280000)
 ParOldGen       total 90112K, used 38760K [0x00000000a0000000, 0x00000000a5800000, 0x00000000e0000000)
  object space 90112K, 43% used [0x00000000a0000000,0x00000000a25da1c8,0x00000000a5800000)
 Metaspace       used 68837K, capacity 71517K, committed 71680K, reserved 1112064K
  class space    used 9359K, capacity 9949K, committed 9984K, reserved 1048576K
Event: 31.554 GC heap after
Heap after GC invocations=17 (full 3):
 PSYoungGen      total 290816K, used 14333K [0x00000000e0000000, 0x00000000f3680000, 0x0000000100000000)
  eden space 268800K, 0% used [0x00000000e0000000,0x00000000e0000000,0x00000000f0680000)
  from space 22016K, 65% used [0x00000000f1d00000,0x00000000f2aff520,0x00000000f3280000)
  to   space 23040K, 0% used [0x00000000f0680000,0x00000000f0680000,0x00000000f1d00000)
 ParOldGen       total 90112K, used 51736K [0x00000000a0000000, 0x00000000a5800000, 0x00000000e0000000)
  object space 90112K, 57% used [0x00000000a0000000,0x00000000a32861c8,0x00000000a5800000)
 Metaspace       used 68837K, capacity 71517K, committed 71680K, reserved 1112064K
  class space    used 9359K, capacity 9949K, committed 9984K, reserved 1048576K
}
Event: 79.198 GC heap before
{Heap before GC invocations=18 (full 3):
 PSYoungGen      total 290816K, used 283133K [0x00000000e0000000, 0x00000000f3680000, 0x0000000100000000)
  eden space 268800K, 100% used [0x00000000e0000000,0x00000000f0680000,0x00000000f0680000)
  from space 22016K, 65% used [0x00000000f1d00000,0x00000000f2aff520,0x00000000f3280000)
  to   space 23040K, 0% used [0x00000000f0680000,0x00000000f0680000,0x00000000f1d00000)
 ParOldGen       total 90112K, used 51736K [0x00000000a0000000, 0x00000000a5800000, 0x00000000e0000000)
  object space 90112K, 57% used [0x00000000a0000000,0x00000000a32861c8,0x00000000a5800000)
 Metaspace       used 75327K, capacity 78657K, committed 78976K, reserved 1118208K
  class space    used 9996K, capacity 10758K, committed 10880K, reserved 1048576K
Event: 79.318 GC heap after
Heap after GC invocations=18 (full 3):
 PSYoungGen      total 291840K, used 23013K [0x00000000e0000000, 0x00000000f7300000, 0x0000000100000000)
  eden space 268800K, 0% used [0x00000000e0000000,0x00000000e0000000,0x00000000f0680000)
  from space 23040K, 99% used [0x00000000f0680000,0x00000000f1cf9430,0x00000000f1d00000)
  to   space 31232K, 0% used [0x00000000f5480000,0x00000000f5480000,0x00000000f7300000)
 ParOldGen       total 90112K, used 64688K [0x00000000a0000000, 0x00000000a5800000, 0x00000000e0000000)
  object space 90112K, 71% used [0x00000000a0000000,0x00000000a3f2c3a8,0x00000000a5800000)
 Metaspace       used 75327K, capacity 78657K, committed 78976K, reserved 1118208K
  class space    used 9996K, capacity 10758K, committed 10880K, reserved 1048576K
}

Deoptimization events (10 events):
Event: 81.513 Thread 0x000000002054e800 Uncommon trap: reason=class_check action=maybe_recompile pc=0x0000000004908f48 method=com.android.manifmerger.XmlNode$NamespaceAwareName.equals(Ljava/lang/Object;)Z @ 1
Event: 81.513 Thread 0x000000002054e800 Uncommon trap: reason=class_check action=maybe_recompile pc=0x0000000004908f48 method=com.android.manifmerger.XmlNode$NamespaceAwareName.equals(Ljava/lang/Object;)Z @ 1
Event: 81.516 Thread 0x000000002054e800 Uncommon trap: reason=unstable_if action=reinterpret pc=0x0000000003350948 method=com.sun.org.apache.xerces.internal.dom.ParentNode.internalInsertBefore(Lorg/w3c/dom/Node;Lorg/w3c/dom/Node;Z)Lorg/w3c/dom/Node; @ 242
Event: 81.546 Thread 0x000000002054e800 Uncommon trap: reason=unstable_if action=reinterpret pc=0x0000000004840c00 method=com.sun.org.apache.xerces.internal.dom.ParentNode.nodeListItem(I)Lorg/w3c/dom/Node; @ 15
Event: 81.597 Thread 0x000000002054e800 Uncommon trap: reason=class_check action=maybe_recompile pc=0x0000000004929f30 method=com.sun.org.apache.xerces.internal.dom.ElementImpl.getAttribute(Ljava/lang/String;)Ljava/lang/String; @ 32
Event: 81.597 Thread 0x000000002054e800 Uncommon trap: reason=class_check action=maybe_recompile pc=0x0000000004929f30 method=com.sun.org.apache.xerces.internal.dom.ElementImpl.getAttribute(Ljava/lang/String;)Ljava/lang/String; @ 32
Event: 81.597 Thread 0x000000002054e800 Uncommon trap: reason=class_check action=maybe_recompile pc=0x0000000004929f30 method=com.sun.org.apache.xerces.internal.dom.ElementImpl.getAttribute(Ljava/lang/String;)Ljava/lang/String; @ 32
Event: 81.597 Thread 0x000000002054e800 Uncommon trap: reason=class_check action=maybe_recompile pc=0x0000000004929f30 method=com.sun.org.apache.xerces.internal.dom.ElementImpl.getAttribute(Ljava/lang/String;)Ljava/lang/String; @ 32
Event: 81.829 Thread 0x000000002054e800 Uncommon trap: reason=unstable_if action=reinterpret pc=0x00000000049193f8 method=com.google.common.base.Ascii.toUpperCase(Ljava/lang/String;)Ljava/lang/String; @ 9
Event: 82.355 Thread 0x000000002054e000 Uncommon trap: reason=unstable_if action=reinterpret pc=0x0000000003b00fbc method=java.lang.String.lastIndexOf([CII[CIII)I @ 17

Classes redefined (0 events):
No events

Internal exceptions (10 events):
Event: 80.544 Thread 0x000000002054e000 Exception <a 'java/lang/NoSuchMethodError': <clinit>> (0x00000000e270f7f0) thrown at [D:\src\AOSP-openjdk-cygwin\jdk8u\hotspot\src\share\vm\prims\jni.cpp, line 1614]
Event: 80.547 Thread 0x000000002054e000 Exception <a 'java/lang/NoSuchMethodError': <clinit>> (0x00000000e272aca0) thrown at [D:\src\AOSP-openjdk-cygwin\jdk8u\hotspot\src\share\vm\prims\jni.cpp, line 1614]
Event: 80.547 Thread 0x000000002054e000 Exception <a 'java/lang/NoSuchMethodError': <clinit>> (0x00000000e272fc30) thrown at [D:\src\AOSP-openjdk-cygwin\jdk8u\hotspot\src\share\vm\prims\jni.cpp, line 1614]
Event: 80.549 Thread 0x000000002054e000 Exception <a 'java/lang/NoSuchMethodError': <clinit>> (0x00000000e2740b60) thrown at [D:\src\AOSP-openjdk-cygwin\jdk8u\hotspot\src\share\vm\prims\jni.cpp, line 1614]
Event: 80.791 Thread 0x0000000020050000 Implicit null exception at 0x0000000003656ddc to 0x0000000003658a65
Event: 81.456 Thread 0x000000002054e800 Implicit null exception at 0x0000000002b6f896 to 0x0000000002b6fc25
Event: 81.459 Thread 0x000000002054e800 Implicit null exception at 0x0000000002a6cd56 to 0x0000000002a6d0dd
Event: 81.466 Thread 0x000000002054e800 Implicit null exception at 0x000000000490f1b4 to 0x000000000490f501
Event: 82.110 Thread 0x000000002054e000 Exception <a 'java/lang/NoSuchMethodError': <clinit>> (0x00000000e4bb3430) thrown at [D:\src\AOSP-openjdk-cygwin\jdk8u\hotspot\src\share\vm\prims\jni.cpp, line 1614]
Event: 82.110 Thread 0x000000002054e000 Exception <a 'java/lang/NoSuchMethodError': <clinit>> (0x00000000e4bb4750) thrown at [D:\src\AOSP-openjdk-cygwin\jdk8u\hotspot\src\share\vm\prims\jni.cpp, line 1614]

Events (10 events):
Event: 82.691 loading class kotlin/reflect/jvm/internal/impl/protobuf/GeneratedMessageLite$ExtendableMessage
Event: 82.691 loading class kotlin/reflect/jvm/internal/impl/protobuf/GeneratedMessageLite$ExtendableMessage done
Event: 82.692 loading class kotlin/reflect/jvm/internal/impl/protobuf/GeneratedMessageLite
Event: 82.692 loading class kotlin/reflect/jvm/internal/impl/protobuf/GeneratedMessageLite done
Event: 82.693 loading class kotlin/reflect/jvm/internal/impl/protobuf/AbstractMessageLite
Event: 82.693 loading class kotlin/reflect/jvm/internal/impl/protobuf/AbstractMessageLite done
Event: 82.694 loading class kotlin/reflect/jvm/internal/impl/protobuf/FieldSet$FieldDescriptorLite
Event: 82.694 loading class kotlin/reflect/jvm/internal/impl/protobuf/FieldSet$FieldDescriptorLite done
Event: 82.695 loading class kotlin/reflect/jvm/internal/impl/protobuf/ByteString$Output
Event: 82.695 loading class kotlin/reflect/jvm/internal/impl/protobuf/ByteString$Output done


Dynamic libraries:
0x000000013f7d0000 - 0x000000013f801000 	C:\Program Files\Android\Android Studio\jre\bin\java.exe
0x00000000776e0000 - 0x000000007787f000 	C:\Windows\SYSTEM32\ntdll.dll
0x000007feeed70000 - 0x000007feeed83000 	C:\Program Files\AVG\Antivirus\aswhook.dll
0x00000000775c0000 - 0x00000000776df000 	C:\Windows\system32\kernel32.dll
0x000007fefd2d0000 - 0x000007fefd337000 	C:\Windows\system32\KERNELBASE.dll
0x000007fefd5f0000 - 0x000007fefd6cb000 	C:\Windows\system32\ADVAPI32.dll
0x000007feff910000 - 0x000007feff9af000 	C:\Windows\system32\msvcrt.dll
0x000007feff9b0000 - 0x000007feff9cf000 	C:\Windows\SYSTEM32\sechost.dll
0x000007fefe050000 - 0x000007fefe17c000 	C:\Windows\system32\RPCRT4.dll
0x00000000774c0000 - 0x00000000775bb000 	C:\Windows\system32\USER32.dll
0x000007fefdfe0000 - 0x000007fefe047000 	C:\Windows\system32\GDI32.dll
0x000007feff850000 - 0x000007feff85e000 	C:\Windows\system32\LPK.dll
0x000007fefef10000 - 0x000007fefefdb000 	C:\Windows\system32\USP10.dll
0x000007fefbc30000 - 0x000007fefbe25000 	C:\Windows\WinSxS\amd64_microsoft.windows.common-controls_6595b64144ccf1df_6.0.7601.24483_none_e372d88f30fbb845\COMCTL32.dll
0x000007feff620000 - 0x000007feff691000 	C:\Windows\system32\SHLWAPI.dll
0x000007feff860000 - 0x000007feff88e000 	C:\Windows\system32\IMM32.DLL
0x000007feff6a0000 - 0x000007feff7ab000 	C:\Windows\system32\MSCTF.dll
0x00000000652a0000 - 0x0000000065372000 	C:\Program Files\Android\Android Studio\jre\jre\bin\msvcr100.dll
0x000000005e270000 - 0x000000005eab6000 	C:\Program Files\Android\Android Studio\jre\jre\bin\server\jvm.dll
0x000007fefa880000 - 0x000007fefa889000 	C:\Windows\system32\WSOCK32.dll
0x000007fefd6d0000 - 0x000007fefd71d000 	C:\Windows\system32\WS2_32.dll
0x000007fefdd00000 - 0x000007fefdd08000 	C:\Windows\system32\NSI.dll
0x000007fefaf50000 - 0x000007fefaf8b000 	C:\Windows\system32\WINMM.dll
0x000007fefc2f0000 - 0x000007fefc2fc000 	C:\Windows\system32\VERSION.dll
0x0000000077890000 - 0x0000000077897000 	C:\Windows\system32\PSAPI.DLL
0x000007fefb7c0000 - 0x000007fefb7cf000 	C:\Program Files\Android\Android Studio\jre\jre\bin\verify.dll
0x000007fefaf20000 - 0x000007fefaf49000 	C:\Program Files\Android\Android Studio\jre\jre\bin\java.dll
0x000007fef9700000 - 0x000007fef9716000 	C:\Program Files\Android\Android Studio\jre\jre\bin\zip.dll
0x000007fefe180000 - 0x000007fefef0b000 	C:\Windows\system32\SHELL32.dll
0x000007fefdb00000 - 0x000007fefdcff000 	C:\Windows\system32\ole32.dll
0x000007fefd230000 - 0x000007fefd23f000 	C:\Windows\system32\profapi.dll
0x000007fef3db0000 - 0x000007fef3dca000 	C:\Program Files\Android\Android Studio\jre\jre\bin\net.dll
0x000007feff490000 - 0x000007feff61a000 	C:\Windows\system32\urlmon.dll
0x000007fefd380000 - 0x000007fefd384000 	C:\Windows\system32\api-ms-win-downlevel-ole32-l1-1-0.dll
0x000007fefd290000 - 0x000007fefd294000 	C:\Windows\system32\api-ms-win-downlevel-shlwapi-l1-1-0.dll
0x000007fefd270000 - 0x000007fefd275000 	C:\Windows\system32\api-ms-win-downlevel-advapi32-l1-1-0.dll
0x000007fefd280000 - 0x000007fefd284000 	C:\Windows\system32\api-ms-win-downlevel-user32-l1-1-0.dll
0x000007fefd2c0000 - 0x000007fefd2c4000 	C:\Windows\system32\api-ms-win-downlevel-version-l1-1-0.dll
0x000007fefd430000 - 0x000007fefd433000 	C:\Windows\system32\api-ms-win-downlevel-normaliz-l1-1-0.dll
0x0000000077880000 - 0x0000000077883000 	C:\Windows\system32\normaliz.DLL
0x000007fefdd10000 - 0x000007fefdfdc000 	C:\Windows\system32\iertutil.dll
0x000007fefefe0000 - 0x000007feff48c000 	C:\Windows\system32\WININET.dll
0x000007fefd250000 - 0x000007fefd26f000 	C:\Windows\system32\USERENV.dll
0x000007fefc9b0000 - 0x000007fefca05000 	C:\Windows\system32\mswsock.dll
0x000007fefc9a0000 - 0x000007fefc9a7000 	C:\Windows\System32\wship6.dll
0x000007fef10f0000 - 0x000007fef1103000 	C:\Program Files\Android\Android Studio\jre\jre\bin\nio.dll
0x000007feef6a0000 - 0x000007feef6c6000 	D:\arhive itMan\android_home\.gradle\native\30\windows-amd64\native-platform.dll
0x000007fef3580000 - 0x000007fef3583000 	C:\Windows\system32\api-ms-win-core-synch-l1-2-0.DLL
0x000007fefb170000 - 0x000007fefb17d000 	C:\Program Files\Android\Android Studio\jre\jre\bin\management.dll
0x000007fefca10000 - 0x000007fefca28000 	C:\Windows\system32\CRYPTSP.dll
0x000007fefc710000 - 0x000007fefc757000 	C:\Windows\system32\rsaenh.dll
0x000007fefd0d0000 - 0x000007fefd0df000 	C:\Windows\system32\CRYPTBASE.dll
0x000007fefa850000 - 0x000007fefa877000 	C:\Windows\system32\IPHLPAPI.DLL
0x000007fefa840000 - 0x000007fefa84b000 	C:\Windows\system32\WINNSI.DLL
0x000007fef8180000 - 0x000007fef8198000 	C:\Windows\system32\dhcpcsvc.DLL
0x000007fef81a0000 - 0x000007fef81b1000 	C:\Windows\system32\dhcpcsvc6.DLL
0x000007fef0c90000 - 0x000007fef0cb4000 	C:\Program Files\Android\Android Studio\jre\jre\bin\sunec.dll
0x000007fefc3c0000 - 0x000007fefc3c7000 	C:\Windows\System32\wshtcpip.dll
0x000007fefc830000 - 0x000007fefc88b000 	C:\Windows\system32\DNSAPI.dll
0x000007fef1b60000 - 0x000007fef1b68000 	C:\Windows\system32\rasadhlp.dll
0x000007fef7ff0000 - 0x000007fef8043000 	C:\Windows\System32\fwpuclnt.dll
0x000007fefaaa0000 - 0x000007fefaaab000 	C:\Program Files\Android\Android Studio\jre\jre\bin\sunmscapi.dll
0x000007fefd480000 - 0x000007fefd5ed000 	C:\Windows\system32\CRYPT32.dll
0x000007fefd240000 - 0x000007fefd24f000 	C:\Windows\system32\MSASN1.dll
0x000007fefd070000 - 0x000007fefd0c7000 	C:\Windows\system32\apphelp.dll

VM Arguments:
jvm_args: -Xmx1536m -Dfile.encoding=windows-1251 -Duser.country=US -Duser.language=en -Duser.variant 
java_command: org.gradle.launcher.daemon.bootstrap.GradleDaemon 5.6.4
java_class_path (initial): D:\arhive itMan\android_home\.gradle\wrapper\dists\gradle-5.6.4-all\ankdp27end7byghfw1q2sw75f\gradle-5.6.4\lib\gradle-launcher-5.6.4.jar
Launcher Type: SUN_STANDARD

Environment Variables:
JAVA_HOME=C:\jdk-13
PATH=C:\ProgramData\Oracle\Java\javapath;C:\app\pchavdarov64\product\11.2.0\client_1\bin;C:\app\pchavdarov\product\11.2.0\client_1\bin;C:\Program Files (x86)\NVIDIA Corporation\PhysX\Common;C:\Windows\system32;C:\Windows;C:\Windows\System32\Wbem;C:\Windows\System32\WindowsPowerShell\v1.0\;C:\Program Files\Intel\WiFi\bin\;C:\Program Files\Common Files\Intel\WirelessCommon\;C:\Program Files\dotnet\;C:\Program Files\Microsoft SQL Server\130\Tools\Binn\;C:\Program Files (x86)\MySQL\MySQL Utilities 1.6\;C:\Program Files\Git\cmd;C:\Program Files\nodejs\;C:\Program Files\Intel\WiFi\bin\;C:\Program Files\Common Files\Intel\WirelessCommon\;C:\Users\pchavdarov\AppData\Roaming\npm;C:\Users\pchavdarov\AppData\Local\atom\bin
USERNAME=pchavdarov
OS=Windows_NT
PROCESSOR_IDENTIFIER=Intel64 Family 6 Model 37 Stepping 2, GenuineIntel



---------------  S Y S T E M  ---------------

OS: Windows 7 , 64 bit Build 7601 (6.1.7601.24545)

CPU:total 4 (initial active 4) (2 cores per cpu, 2 threads per core) family 6 model 37 stepping 2, cmov, cx8, fxsr, mmx, sse, sse2, sse3, ssse3, sse4.1, sse4.2, popcnt, aes, clmul, ht, tsc, tscinvbit

Memory: 4k page, physical 4052844k(145488k free), swap 16209476k(5132k free)

vm_info: OpenJDK 64-Bit Server VM (25.212-b04) for windows-amd64 JRE (1.8.0_212-release-1586-b04), built by "builder" with MS VC++ 10.0 (VS2010)

time: Wed Jun 17 16:51:48 2020
timezone: FLE Daylight Time
elapsed time: 82 seconds (0d 0h 1m 22s)

